0 info it worked if it ends with ok
1 verbose cli [ '/home/ubuntu/.nvm/versions/node/v6.11.2/bin/node',
1 verbose cli   '/home/ubuntu/.nvm/versions/node/v6.11.2/bin/npm',
1 verbose cli   'run',
1 verbose cli   'dev' ]
2 info using npm@3.10.10
3 info using node@v6.11.2
4 verbose run-script [ 'predev', 'dev', 'postdev' ]
5 info lifecycle mondai-gallery-server@1.0.0~predev: mondai-gallery-server@1.0.0
6 silly lifecycle mondai-gallery-server@1.0.0~predev: no script for predev, continuing
7 info lifecycle mondai-gallery-server@1.0.0~dev: mondai-gallery-server@1.0.0
8 verbose lifecycle mondai-gallery-server@1.0.0~dev: unsafe-perm in lifecycle true
9 verbose lifecycle mondai-gallery-server@1.0.0~dev: PATH: /home/ubuntu/.nvm/versions/node/v6.11.2/lib/node_modules/npm/bin/node-gyp-bin:/home/ubuntu/workspace/node_modules/.bin:/home/ubuntu/.nvm/versions/node/v6.11.2/bin:/usr/local/rvm/gems/ruby-2.4.0/bin:/usr/local/rvm/gems/ruby-2.4.0@global/bin:/usr/local/rvm/rubies/ruby-2.4.0/bin:/mnt/shared/bin:/home/ubuntu/workspace/node_modules/.bin:/home/ubuntu/bin:/usr/local/sbin:/usr/local/bin:/usr/sbin:/usr/bin:/sbin:/bin:/mnt/shared/sbin:/opt/gitl:/opt/go/bin:/mnt/shared/c9/app.nw/bin:/usr/local/rvm/bin
10 verbose lifecycle mondai-gallery-server@1.0.0~dev: CWD: /home/ubuntu/workspace
11 silly lifecycle mondai-gallery-server@1.0.0~dev: Args: [ '-c', 'node-dev server.js' ]
12 info lifecycle mondai-gallery-server@1.0.0~dev: Failed to exec dev script
13 verbose stack Error: mondai-gallery-server@1.0.0 dev: `node-dev server.js`
13 verbose stack spawn ENOENT
13 verbose stack     at ChildProcess.<anonymous> (/home/ubuntu/.nvm/versions/node/v6.11.2/lib/node_modules/npm/lib/utils/spawn.js:33:16)
13 verbose stack     at emitTwo (events.js:106:13)
13 verbose stack     at ChildProcess.emit (events.js:191:7)
13 verbose stack     at maybeClose (internal/child_process.js:891:16)
13 verbose stack     at Process.ChildProcess._handle.onexit (internal/child_process.js:226:5)
14 verbose pkgid mondai-gallery-server@1.0.0
15 verbose cwd /home/ubuntu/workspace
16 error Linux 4.9.120-c9
17 error argv "/home/ubuntu/.nvm/versions/node/v6.11.2/bin/node" "/home/ubuntu/.nvm/versions/node/v6.11.2/bin/npm" "run" "dev"
18 error node v6.11.2
19 error npm  v3.10.10
20 error file sh
21 error code ELIFECYCLE
22 error errno ENOENT
23 error syscall spawn
24 error mondai-gallery-server@1.0.0 dev: `node-dev server.js`
24 error spawn ENOENT
25 error Failed at the mondai-gallery-server@1.0.0 dev script 'node-dev server.js'.
25 error Make sure you have the latest version of node.js and npm installed.
25 error If you do, this is most likely a problem with the mondai-gallery-server package,
25 error not with npm itself.
25 error Tell the author that this fails on your system:
25 error     node-dev server.js
25 error You can get information on how to open an issue for this project with:
25 error     npm bugs mondai-gallery-server
25 error Or if that isn't available, you can get their info via:
25 error     npm owner ls mondai-gallery-server
25 error There is likely additional logging output above.
26 verbose exit [ 1, true ]
